# JRE version: OpenJDK Runtime Environment (8.0_242) (build 1.8.0_242-release-1644-b3-6222593)
# Java VM: OpenJDK 64-Bit Server VM (25.242-b3-6222593 mixed mode linux-amd64 compressed oops)
Heap:
 PSYoungGen      total 436224K, used 169786K [0x00000000e0000000, 0x0000000100000000, 0x0000000100000000)
  eden space 371712K, 28% used [0x00000000e0000000,0x00000000e672fd90,0x00000000f6b00000)
  from space 64512K, 99% used [0x00000000f6b00000,0x00000000fa99ed18,0x00000000faa00000)
  to   space 83968K, 0% used [0x00000000fae00000,0x00000000fae00000,0x0000000100000000)
 ParOldGen       total 373248K, used 290906K [0x00000000a0000000, 0x00000000b6c80000, 0x00000000e0000000)
  object space 373248K, 77% used [0x00000000a0000000,0x00000000b1c16918,0x00000000b6c80000)
 Metaspace       used 131520K, capacity 138752K, committed 138904K, reserved 1169408K
  class space    used 16643K, capacity 18001K, committed 18072K, reserved 1048576K
GC Heap History (10 events):
Event: 1341.276 GC heap before
{Heap before GC invocations=35 (full 6):
 PSYoungGen      total 436736K, used 394789K [0x00000000e0000000, 0x00000000ff280000, 0x0000000100000000)
  eden space 372224K, 100% used [0x00000000e0000000,0x00000000f6b80000,0x00000000f6b80000)
  from space 64512K, 34% used [0x00000000fb380000,0x00000000fc989460,0x00000000ff280000)
  to   space 69120K, 0% used [0x00000000f6b80000,0x00000000f6b80000,0x00000000faf00000)
 ParOldGen       total 373248K, used 290874K [0x00000000a0000000, 0x00000000b6c80000, 0x00000000e0000000)
  object space 373248K, 77% used [0x00000000a0000000,0x00000000b1c0e918,0x00000000b6c80000)
 Metaspace       used 120871K, capacity 127154K, committed 127256K, reserved 1159168K
  class space    used 15445K, capacity 16664K, committed 16664K, reserved 1048576K
Event: 1341.356 GC heap after
Heap after GC invocations=35 (full 6):
 PSYoungGen      total 441344K, used 24501K [0x00000000e0000000, 0x00000000ffc80000, 0x0000000100000000)
  eden space 372224K, 0% used [0x00000000e0000000,0x00000000e0000000,0x00000000f6b80000)
  from space 69120K, 35% used [0x00000000f6b80000,0x00000000f836d450,0x00000000faf00000)
  to   space 65024K, 0% used [0x00000000fbd00000,0x00000000fbd00000,0x00000000ffc80000)
 ParOldGen       total 373248K, used 290882K [0x00000000a0000000, 0x00000000b6c80000, 0x00000000e0000000)
  object space 373248K, 77% used [0x00000000a0000000,0x00000000b1c10918,0x00000000b6c80000)
 Metaspace       used 120871K, capacity 127154K, committed 127256K, reserved 1159168K
  class space    used 15445K, capacity 16664K, committed 16664K, reserved 1048576K
}
Event: 1342.760 GC heap before
{Heap before GC invocations=36 (full 6):
 PSYoungGen      total 441344K, used 396725K [0x00000000e0000000, 0x00000000ffc80000, 0x0000000100000000)
  eden space 372224K, 100% used [0x00000000e0000000,0x00000000f6b80000,0x00000000f6b80000)
  from space 69120K, 35% used [0x00000000f6b80000,0x00000000f836d450,0x00000000faf00000)
  to   space 65024K, 0% used [0x00000000fbd00000,0x00000000fbd00000,0x00000000ffc80000)
 ParOldGen       total 373248K, used 290882K [0x00000000a0000000, 0x00000000b6c80000, 0x00000000e0000000)
  object space 373248K, 77% used [0x00000000a0000000,0x00000000b1c10918,0x00000000b6c80000)
 Metaspace       used 120876K, capacity 127154K, committed 127256K, reserved 1159168K
  class space    used 15445K, capacity 16664K, committed 16664K, reserved 1048576K
Event: 1342.803 GC heap after
Heap after GC invocations=36 (full 6):
 PSYoungGen      total 447488K, used 26373K [0x00000000e0000000, 0x00000000ff500000, 0x0000000100000000)
  eden space 390144K, 0% used [0x00000000e0000000,0x00000000e0000000,0x00000000f7d00000)
  from space 57344K, 45% used [0x00000000fbd00000,0x00000000fd6c1460,0x00000000ff500000)
  to   space 61440K, 0% used [0x00000000f7d00000,0x00000000f7d00000,0x00000000fb900000)
 ParOldGen       total 373248K, used 290890K [0x00000000a0000000, 0x00000000b6c80000, 0x00000000e0000000)
  object space 373248K, 77% used [0x00000000a0000000,0x00000000b1c12918,0x00000000b6c80000)
 Metaspace       used 120876K, capacity 127154K, committed 127256K, reserved 1159168K
  class space    used 15445K, capacity 16664K, committed 16664K, reserved 1048576K
}
Event: 1345.336 GC heap before
{Heap before GC invocations=37 (full 6):
 PSYoungGen      total 447488K, used 416517K [0x00000000e0000000, 0x00000000ff500000, 0x0000000100000000)
  eden space 390144K, 100% used [0x00000000e0000000,0x00000000f7d00000,0x00000000f7d00000)
  from space 57344K, 45% used [0x00000000fbd00000,0x00000000fd6c1460,0x00000000ff500000)
  to   space 61440K, 0% used [0x00000000f7d00000,0x00000000f7d00000,0x00000000fb900000)
 ParOldGen       total 373248K, used 290890K [0x00000000a0000000, 0x00000000b6c80000, 0x00000000e0000000)
  object space 373248K, 77% used [0x00000000a0000000,0x00000000b1c12918,0x00000000b6c80000)
 Metaspace       used 121769K, capacity 128304K, committed 128536K, reserved 1161216K
  class space    used 15538K, capacity 16815K, committed 16920K, reserved 1048576K
Event: 1345.412 GC heap after
Heap after GC invocations=37 (full 6):
 PSYoungGen      total 451584K, used 57020K [0x00000000e0000000, 0x0000000100000000, 0x0000000100000000)
  eden space 390144K, 0% used [0x00000000e0000000,0x00000000e0000000,0x00000000f7d00000)
  from space 61440K, 92% used [0x00000000f7d00000,0x00000000fb4af028,0x00000000fb900000)
  to   space 69632K, 0% used [0x00000000fbc00000,0x00000000fbc00000,0x0000000100000000)
 ParOldGen       total 373248K, used 290898K [0x00000000a0000000, 0x00000000b6c80000, 0x00000000e0000000)
  object space 373248K, 77% used [0x00000000a0000000,0x00000000b1c14918,0x00000000b6c80000)
 Metaspace       used 121769K, capacity 128304K, committed 128536K, reserved 1161216K
  class space    used 15538K, capacity 16815K, committed 16920K, reserved 1048576K
}
Event: 1357.081 GC heap before
{Heap before GC invocations=38 (full 6):
 PSYoungGen      total 451584K, used 447164K [0x00000000e0000000, 0x0000000100000000, 0x0000000100000000)
  eden space 390144K, 100% used [0x00000000e0000000,0x00000000f7d00000,0x00000000f7d00000)
  from space 61440K, 92% used [0x00000000f7d00000,0x00000000fb4af028,0x00000000fb900000)
  to   space 69632K, 0% used [0x00000000fbc00000,0x00000000fbc00000,0x0000000100000000)
 ParOldGen       total 373248K, used 290898K [0x00000000a0000000, 0x00000000b6c80000, 0x00000000e0000000)
  object space 373248K, 77% used [0x00000000a0000000,0x00000000b1c14918,0x00000000b6c80000)
 Metaspace       used 124371K, capacity 131482K, committed 131736K, reserved 1163264K
  class space    used 15878K, capacity 17182K, committed 17304K, reserved 1048576K
Event: 1357.176 GC heap after
Heap after GC invocations=38 (full 6):
 PSYoungGen      total 441344K, used 57049K [0x00000000e0000000, 0x0000000100000000, 0x0000000100000000)
  eden space 371712K, 0% used [0x00000000e0000000,0x00000000e0000000,0x00000000f6b00000)
  from space 69632K, 81% used [0x00000000fbc00000,0x00000000ff3b6768,0x0000000100000000)
  to   space 76288K, 0% used [0x00000000f6b00000,0x00000000f6b00000,0x00000000fb580000)
 ParOldGen       total 373248K, used 290898K [0x00000000a0000000, 0x00000000b6c80000, 0x00000000e0000000)
  object space 373248K, 77% used [0x00000000a0000000,0x00000000b1c14918,0x00000000b6c80000)
 Metaspace       used 124371K, capacity 131482K, committed 131736K, reserved 1163264K
  class space    used 15878K, capacity 17182K, committed 17304K, reserved 1048576K
}
Event: 3017.692 GC heap before
{Heap before GC invocations=39 (full 6):
 PSYoungGen      total 441344K, used 428761K [0x00000000e0000000, 0x0000000100000000, 0x0000000100000000)
  eden space 371712K, 100% used [0x00000000e0000000,0x00000000f6b00000,0x00000000f6b00000)
  from space 69632K, 81% used [0x00000000fbc00000,0x00000000ff3b6768,0x0000000100000000)
  to   space 76288K, 0% used [0x00000000f6b00000,0x00000000f6b00000,0x00000000fb580000)
 ParOldGen       total 373248K, used 290898K [0x00000000a0000000, 0x00000000b6c80000, 0x00000000e0000000)
  object space 373248K, 77% used [0x00000000a0000000,0x00000000b1c14918,0x00000000b6c80000)
 Metaspace       used 126854K, capacity 134112K, committed 134296K, reserved 1165312K
  class space    used 16097K, capacity 17457K, committed 17560K, reserved 1048576K
Event: 3017.816 GC heap after
Heap after GC invocations=39 (full 6):
 PSYoungGen      total 436224K, used 64123K [0x00000000e0000000, 0x0000000100000000, 0x0000000100000000)
  eden space 371712K, 0% used [0x00000000e0000000,0x00000000e0000000,0x00000000f6b00000)
  from space 64512K, 99% used [0x00000000f6b00000,0x00000000fa99ed18,0x00000000faa00000)
  to   space 83968K, 0% used [0x00000000fae00000,0x00000000fae00000,0x0000000100000000)
 ParOldGen       total 373248K, used 290906K [0x00000000a0000000, 0x00000000b6c80000, 0x00000000e0000000)
  object space 373248K, 77% used [0x00000000a0000000,0x00000000b1c16918,0x00000000b6c80000)
 Metaspace       used 126854K, capacity 134112K, committed 134296K, reserved 1165312K
  class space    used 16097K, capacity 17457K, committed 17560K, reserved 1048576K
}

